<?xml version="1.0" encoding="UTF-8"?>
<!-- Generated by org.testng.reporters.JUnitReportReporter -->
<testsuite skipped="0" hostname="ahmar-PC" name="loginPage2" tests="1" failures="0" timestamp="21 Aug 2017 09:05:13 GMT" time="5.616" errors="0">
  <testcase name="login" time="5.616" classname="loginPage2"/>
</testsuite> <!-- loginPage2 -->
